<?xml version="1.0" encoding="UTF-8"?>
<!-- Generated by org.testng.reporters.JUnitReportReporter -->
<testsuite hostname="LAPTOP-1UGS5H0B" failures="0" tests="1" name="testCases.TC001_AccountRegistrationTest" time="12.559" errors="0" timestamp="2025-09-28T21:16:25 IST" skipped="0">
  <testcase classname="testCases.TC001_AccountRegistrationTest" name="verify_account_registration" time="12.559"/>
</testsuite> <!-- testCases.TC001_AccountRegistrationTest -->
