<?xml version="1.0" encoding="UTF-8"?>
<!-- Generated by org.testng.reporters.JUnitReportReporter -->
<testsuite hostname="LAPTOP-1UGS5H0B" failures="0" tests="1" name="testCases.TC002_LoginTest" time="1.977" errors="0" timestamp="2025-09-27T19:54:42 IST" skipped="0">
  <testcase classname="testCases.TC002_LoginTest" name="verifyLogin" time="1.977"/>
</testsuite> <!-- testCases.TC002_LoginTest -->
