<?xml version="1.0" encoding="UTF-8"?>
<!-- Generated by org.testng.reporters.JUnitReportReporter -->
<testsuite hostname="LAPTOP-1UGS5H0B" failures="0" tests="1" name="testCases.TC001_AccountRegistrationTest" time="8.571" errors="0" timestamp="2025-09-28T22:22:34 IST" skipped="0">
  <testcase classname="testCases.TC001_AccountRegistrationTest" name="verify_account_registration" time="8.571"/>
</testsuite> <!-- testCases.TC001_AccountRegistrationTest -->
